<?xml version="1.0" encoding="UTF-8"?>
<!-- Generated by org.testng.reporters.JUnitXMLReporter -->
<testsuite ignored="0" hostname="JARAJZ-PC" failures="0" tests="4" name="ContentItemTests" time="8.66" errors="0" timestamp="2021-10-12T16:31:58 SELČ">
  <testcase classname="com.restassured.testcases.ContentItemTests" name="getContentItemTest" time="5.936"/>
  <testcase classname="com.restassured.testcases.ContentItemTests" name="postContentItemTest_ByReadingRequestFromFile" time="1.118"/>
  <testcase classname="com.restassured.testcases.ContentItemTests" name="postContentItemTest_WithPojo" time="0.73"/>
  <testcase classname="com.restassured.testcases.ContentItemTests" name="postContentItemTest_WithoutPojo" time="0.672"/>
</testsuite> <!-- ContentItemTests -->
