<?xml version="1.0" encoding="UTF-8"?>
<!-- Generated by org.testng.reporters.JUnitXMLReporter -->
<testsuite ignored="0" hostname="DESKTOP-RILKI6G" failures="0" tests="4" name="getContentItemTest" time="8.499" errors="0" timestamp="2020-10-23T15:58:16 SELČ">
  <testcase classname="com.restassured.testcases.ContentItemTests" name="getContentItemTest" time="4.354"/>
  <testcase classname="com.restassured.testcases.ContentItemTests" name="postContentByReadingRequestFromFile" time="1.094"/>
  <testcase classname="com.restassured.testcases.ContentItemTests" name="postContentItemWithPojo" time="0.901"/>
  <testcase classname="com.restassured.testcases.ContentItemTests" name="postContentItemWithoutPOJO" time="1.182"/>
</testsuite> <!-- getContentItemTest -->
