<?xml version="1.0" encoding="UTF-8"?>
<!-- Generated by org.testng.reporters.JUnitReportReporter -->
<testsuite hostname="JARAJZ-PC" failures="0" tests="4" name="com.restassured.testcases.ContentItemTests" time="8.459" errors="0" timestamp="2021-10-12T16:32:00 SELČ" skipped="0">
  <testcase classname="com.restassured.testcases.ContentItemTests" name="getContentItemTest" time="5.937"/>
  <system-out/>
  <testcase classname="com.restassured.testcases.ContentItemTests" name="postContentItemTest_WithPojo" time="0.731"/>
  <system-out/>
  <testcase classname="com.restassured.testcases.ContentItemTests" name="postContentItemTest_ByReadingRequestFromFile" time="1.119"/>
  <system-out/>
  <testcase classname="com.restassured.testcases.ContentItemTests" name="postContentItemTest_WithoutPojo" time="0.672"/>
  <system-out/>
</testsuite> <!-- com.restassured.testcases.ContentItemTests -->
